# JRE version: OpenJDK Runtime Environment (11.0.2+7) (build 11.0.2+7)
# Java VM: OpenJDK 64-Bit Server VM (11.0.2+7, mixed mode, tiered, compressed oops, g1 gc, bsd-amd64)
Heap:
 garbage-first heap   total 189440K, used 102155K [0x0000000780000000, 0x0000000800000000)
  region size 1024K, 84 young (86016K), 11 survivors (11264K)
 Metaspace       used 68517K, capacity 70421K, committed 70736K, reserved 1110016K
  class space    used 8763K, capacity 9501K, committed 9596K, reserved 1048576K
GC Heap History (10 events):
Event: 4.171 GC heap before
{Heap before GC invocations=11 (full 0):
 garbage-first heap   total 157696K, used 103307K [0x0000000780000000, 0x0000000800000000)
  region size 1024K, 92 young (94208K), 7 survivors (7168K)
 Metaspace       used 41205K, capacity 42554K, committed 42876K, reserved 1087488K
  class space    used 4906K, capacity 5421K, committed 5500K, reserved 1048576K
}
Event: 4.178 GC heap after
{Heap after GC invocations=12 (full 0):
 garbage-first heap   total 157696K, used 19145K [0x0000000780000000, 0x0000000800000000)
  region size 1024K, 10 young (10240K), 10 survivors (10240K)
 Metaspace       used 41205K, capacity 42554K, committed 42876K, reserved 1087488K
  class space    used 4906K, capacity 5421K, committed 5500K, reserved 1048576K
}
Event: 4.509 GC heap before
{Heap before GC invocations=12 (full 0):
 garbage-first heap   total 157696K, used 102089K [0x0000000780000000, 0x0000000800000000)
  region size 1024K, 92 young (94208K), 10 survivors (10240K)
 Metaspace       used 46133K, capacity 47563K, committed 47868K, reserved 1091584K
  class space    used 5741K, capacity 6313K, committed 6396K, reserved 1048576K
}
Event: 4.517 GC heap after
{Heap after GC invocations=13 (full 0):
 garbage-first heap   total 189440K, used 21206K [0x0000000780000000, 0x0000000800000000)
  region size 1024K, 6 young (6144K), 6 survivors (6144K)
 Metaspace       used 46133K, capacity 47563K, committed 47868K, reserved 1091584K
  class space    used 5741K, capacity 6313K, committed 6396K, reserved 1048576K
}
Event: 4.973 GC heap before
{Heap before GC invocations=13 (full 0):
 garbage-first heap   total 189440K, used 128726K [0x0000000780000000, 0x0000000800000000)
  region size 1024K, 111 young (113664K), 6 survivors (6144K)
 Metaspace       used 53222K, capacity 54699K, committed 54908K, reserved 1097728K
  class space    used 6667K, capacity 7260K, committed 7292K, reserved 1048576K
}
Event: 4.979 GC heap after
{Heap after GC invocations=14 (full 0):
 garbage-first heap   total 189440K, used 24038K [0x0000000780000000, 0x0000000800000000)
  region size 1024K, 9 young (9216K), 9 survivors (9216K)
 Metaspace       used 53222K, capacity 54699K, committed 54908K, reserved 1097728K
  class space    used 6667K, capacity 7260K, committed 7292K, reserved 1048576K
}
Event: 5.523 GC heap before
{Heap before GC invocations=14 (full 0):
 garbage-first heap   total 189440K, used 102886K [0x0000000780000000, 0x0000000800000000)
  region size 1024K, 87 young (89088K), 9 survivors (9216K)
 Metaspace       used 58552K, capacity 60121K, committed 60368K, reserved 1101824K
  class space    used 7474K, capacity 8079K, committed 8188K, reserved 1048576K
}
Event: 5.532 GC heap after
{Heap after GC invocations=15 (full 0):
 garbage-first heap   total 189440K, used 26025K [0x0000000780000000, 0x0000000800000000)
  region size 1024K, 7 young (7168K), 7 survivors (7168K)
 Metaspace       used 58552K, capacity 60121K, committed 60368K, reserved 1101824K
  class space    used 7474K, capacity 8079K, committed 8188K, reserved 1048576K
}
Event: 9.897 GC heap before
{Heap before GC invocations=16 (full 0):
 garbage-first heap   total 189440K, used 131497K [0x0000000780000000, 0x0000000800000000)
  region size 1024K, 111 young (113664K), 7 survivors (7168K)
 Metaspace       used 65667K, capacity 67510K, committed 67792K, reserved 1107968K
  class space    used 8440K, capacity 9176K, committed 9212K, reserved 1048576K
}
Event: 9.905 GC heap after
{Heap after GC invocations=17 (full 0):
 garbage-first heap   total 189440K, used 29451K [0x0000000780000000, 0x0000000800000000)
  region size 1024K, 11 young (11264K), 11 survivors (11264K)
 Metaspace       used 65667K, capacity 67510K, committed 67792K, reserved 1107968K
  class space    used 8440K, capacity 9176K, committed 9212K, reserved 1048576K
}

